<?xml version="1.0" encoding="UTF-8"?>
<!-- Generated by org.testng.reporters.JUnitXMLReporter -->
<testsuite hostname="Ronaks-MacBook-Pro.local" name="Surefire test" tests="1" failures="1" timestamp="19 Aug 2019 10:59:48 GMT" time="2.001" errors="0">
  <testcase name="feature" time="1.766" classname="runner.TestRunner">
    <failure type="cucumber.runtime.CucumberException" message="org.openqa.selenium.SessionNotCreatedException: session not created: This version of ChromeDriver only supports Chrome version 77
Build info: version: &amp;apos;3.141.59&amp;apos;, revision: &amp;apos;e82be7d358&amp;apos;, time: &amp;apos;2018-11-14T08:17:03&amp;apos;
System info: host: &amp;apos;Ronaks-MacBook-Pro.local&amp;apos;, ip: &amp;apos;2405:204:38e:e443:70a8:ed68:7e2a:2f0e&amp;apos;, os.name: &amp;apos;Mac OS X&amp;apos;, os.arch: &amp;apos;x86_64&amp;apos;, os.version: &amp;apos;10.14.5&amp;apos;, java.version: &amp;apos;1.8.0_144&amp;apos;
Driver info: driver.version: ChromeDriver
remote stacktrace: 0   chromedriver                        0x000000010b96ef89 chromedriver + 3694473
1   chromedriver                        0x000000010b8fc0a3 chromedriver + 3223715
2   chromedriver                        0x000000010b69b4df chromedriver + 730335
3   chromedriver                        0x000000010b60104b chromedriver + 98379
4   chromedriver                        0x000000010b5fd16a chromedriver + 82282
5   chromedriver                        0x000000010b62aa81 chromedriver + 268929
6   chromedriver                        0x000000010b627dc3 chromedriver + 257475
7   chromedriver                        0x000000010b60317d chromedriver + 106877
8   chromedriver                        0x000000010b604115 chromedriver + 110869
9   chromedriver                        0x000000010b92a14f chromedriver + 3412303
10  chromedriver                        0x000000010b936d6d chromedriver + 3464557
11  chromedriver                        0x000000010b936af8 chromedriver + 3463928
12  chromedriver                        0x000000010b909a29 chromedriver + 3279401
13  chromedriver                        0x000000010b9375c8 chromedriver + 3466696
14  chromedriver                        0x000000010b91e287 chromedriver + 3363463
15  chromedriver                        0x000000010b9554f4 chromedriver + 3589364
16  chromedriver                        0x000000010b974d67 chromedriver + 3718503
17  libsystem_pthread.dylib             0x00007fff5ebf02eb _pthread_body + 126
18  libsystem_pthread.dylib             0x00007fff5ebf3249 _pthread_start + 66
19  libsystem_pthread.dylib             0x00007fff5ebef40d thread_start + 13
">
      <![CDATA[cucumber.runtime.CucumberException: org.openqa.selenium.SessionNotCreatedException: session not created: This version of ChromeDriver only supports Chrome version 77
Build info: version: '3.141.59', revision: 'e82be7d358', time: '2018-11-14T08:17:03'
System info: host: 'Ronaks-MacBook-Pro.local', ip: '2405:204:38e:e443:70a8:ed68:7e2a:2f0e', os.name: 'Mac OS X', os.arch: 'x86_64', os.version: '10.14.5', java.version: '1.8.0_144'
Driver info: driver.version: ChromeDriver
remote stacktrace: 0   chromedriver                        0x000000010b96ef89 chromedriver + 3694473
1   chromedriver                        0x000000010b8fc0a3 chromedriver + 3223715
2   chromedriver                        0x000000010b69b4df chromedriver + 730335
3   chromedriver                        0x000000010b60104b chromedriver + 98379
4   chromedriver                        0x000000010b5fd16a chromedriver + 82282
5   chromedriver                        0x000000010b62aa81 chromedriver + 268929
6   chromedriver                        0x000000010b627dc3 chromedriver + 257475
7   chromedriver                        0x000000010b60317d chromedriver + 106877
8   chromedriver                        0x000000010b604115 chromedriver + 110869
9   chromedriver                        0x000000010b92a14f chromedriver + 3412303
10  chromedriver                        0x000000010b936d6d chromedriver + 3464557
11  chromedriver                        0x000000010b936af8 chromedriver + 3463928
12  chromedriver                        0x000000010b909a29 chromedriver + 3279401
13  chromedriver                        0x000000010b9375c8 chromedriver + 3466696
14  chromedriver                        0x000000010b91e287 chromedriver + 3363463
15  chromedriver                        0x000000010b9554f4 chromedriver + 3589364
16  chromedriver                        0x000000010b974d67 chromedriver + 3718503
17  libsystem_pthread.dylib             0x00007fff5ebf02eb _pthread_body + 126
18  libsystem_pthread.dylib             0x00007fff5ebf3249 _pthread_start + 66
19  libsystem_pthread.dylib             0x00007fff5ebef40d thread_start + 13

	at cucumber.api.testng.TestNGCucumberRunner.runCucumber(TestNGCucumberRunner.java:69)
	at cucumber.api.testng.AbstractTestNGCucumberTests.feature(AbstractTestNGCucumberTests.java:21)
Caused by: org.openqa.selenium.SessionNotCreatedException: session not created: This version of ChromeDriver only supports Chrome version 77
Build info: version: '3.141.59', revision: 'e82be7d358', time: '2018-11-14T08:17:03'
System info: host: 'Ronaks-MacBook-Pro.local', ip: '2405:204:38e:e443:70a8:ed68:7e2a:2f0e', os.name: 'Mac OS X', os.arch: 'x86_64', os.version: '10.14.5', java.version: '1.8.0_144'
Driver info: driver.version: ChromeDriver
remote stacktrace: 0   chromedriver                        0x000000010b96ef89 chromedriver + 3694473
1   chromedriver                        0x000000010b8fc0a3 chromedriver + 3223715
2   chromedriver                        0x000000010b69b4df chromedriver + 730335
3   chromedriver                        0x000000010b60104b chromedriver + 98379
4   chromedriver                        0x000000010b5fd16a chromedriver + 82282
5   chromedriver                        0x000000010b62aa81 chromedriver + 268929
6   chromedriver                        0x000000010b627dc3 chromedriver + 257475
7   chromedriver                        0x000000010b60317d chromedriver + 106877
8   chromedriver                        0x000000010b604115 chromedriver + 110869
9   chromedriver                        0x000000010b92a14f chromedriver + 3412303
10  chromedriver                        0x000000010b936d6d chromedriver + 3464557
11  chromedriver                        0x000000010b936af8 chromedriver + 3463928
12  chromedriver                        0x000000010b909a29 chromedriver + 3279401
13  chromedriver                        0x000000010b9375c8 chromedriver + 3466696
14  chromedriver                        0x000000010b91e287 chromedriver + 3363463
15  chromedriver                        0x000000010b9554f4 chromedriver + 3589364
16  chromedriver                        0x000000010b974d67 chromedriver + 3718503
17  libsystem_pthread.dylib             0x00007fff5ebf02eb _pthread_body + 126
18  libsystem_pthread.dylib             0x00007fff5ebf3249 _pthread_start + 66
19  libsystem_pthread.dylib             0x00007fff5ebef40d thread_start + 13

	at org.openqa.selenium.remote.W3CHandshakeResponse.lambda$errorHandler$0(W3CHandshakeResponse.java:62)
	at org.openqa.selenium.remote.HandshakeResponse.lambda$getResponseFunction$0(HandshakeResponse.java:30)
	at org.openqa.selenium.remote.ProtocolHandshake.lambda$createSession$0(ProtocolHandshake.java:126)
	at java.util.stream.ReferencePipeline$3$1.accept(ReferencePipeline.java:193)
	at java.util.Spliterators$ArraySpliterator.tryAdvance(Spliterators.java:958)
	at java.util.stream.ReferencePipeline.forEachWithCancel(ReferencePipeline.java:126)
	at java.util.stream.AbstractPipeline.copyIntoWithCancel(AbstractPipeline.java:498)
	at java.util.stream.AbstractPipeline.copyInto(AbstractPipeline.java:485)
	at java.util.stream.AbstractPipeline.wrapAndCopyInto(AbstractPipeline.java:471)
	at java.util.stream.FindOps$FindOp.evaluateSequential(FindOps.java:152)
	at java.util.stream.AbstractPipeline.evaluate(AbstractPipeline.java:234)
	at java.util.stream.ReferencePipeline.findFirst(ReferencePipeline.java:464)
	at org.openqa.selenium.remote.ProtocolHandshake.createSession(ProtocolHandshake.java:128)
	at org.openqa.selenium.remote.ProtocolHandshake.createSession(ProtocolHandshake.java:74)
	at org.openqa.selenium.remote.HttpCommandExecutor.execute(HttpCommandExecutor.java:136)
	at org.openqa.selenium.remote.service.DriverCommandExecutor.execute(DriverCommandExecutor.java:83)
	at org.openqa.selenium.remote.RemoteWebDriver.execute(RemoteWebDriver.java:552)
	at org.openqa.selenium.remote.RemoteWebDriver.startSession(RemoteWebDriver.java:213)
	at org.openqa.selenium.remote.RemoteWebDriver.<init>(RemoteWebDriver.java:131)
	at org.openqa.selenium.chrome.ChromeDriver.<init>(ChromeDriver.java:181)
	at org.openqa.selenium.chrome.ChromeDriver.<init>(ChromeDriver.java:168)
	at org.openqa.selenium.chrome.ChromeDriver.<init>(ChromeDriver.java:123)
	at steps.Hook.InitializeTest(Hook.java:22)
	at cucumber.runtime.Utils$1.call(Utils.java:40)
	at cucumber.runtime.Timeout.timeout(Timeout.java:16)
	at cucumber.runtime.Utils.invoke(Utils.java:34)
	at cucumber.runtime.java.JavaHookDefinition.execute(JavaHookDefinition.java:60)
	at cucumber.runtime.Runtime.runHookIfTagsMatch(Runtime.java:224)
	at cucumber.runtime.Runtime.runHooks(Runtime.java:212)
	at cucumber.runtime.Runtime.runBeforeHooks(Runtime.java:202)
	at cucumber.runtime.model.CucumberScenario.run(CucumberScenario.java:40)
	at cucumber.runtime.model.CucumberFeature.run(CucumberFeature.java:165)
	at cucumber.api.testng.TestNGCucumberRunner.runCucumber(TestNGCucumberRunner.java:63)
	... 29 more
... Removed 36 stack frames]]>
    </failure>
  </testcase> <!-- feature -->
</testsuite> <!-- Surefire test -->
