<!DOCTYPE html PUBLIC "-//W3C//DTD XHTML 1.1//EN" "http://www.w3.org/TR/xhtml11/DTD/xhtml11.dtd">
<html xmlns="http://www.w3.org/1999/xhtml"><head><title>TestNG Report</title><style type="text/css">table {margin-bottom:10px;border-collapse:collapse;empty-cells:show}th,td {border:1px solid #009;padding:.25em .5em}th {vertical-align:bottom}td {vertical-align:top}table a {font-weight:bold}.stripe td {background-color: #E6EBF9}.num {text-align:right}.passedodd td {background-color: #3F3}.passedeven td {background-color: #0A0}.skippedodd td {background-color: #DDD}.skippedeven td {background-color: #CCC}.failedodd td,.attn {background-color: #F33}.failedeven td,.stripe .attn {background-color: #D00}.stacktrace {white-space:pre;font-family:monospace}.totop {font-size:85%;text-align:center;border-bottom:2px solid #000}</style></head><body><table><tr><th>Test</th><th># Passed</th><th># Skipped</th><th># Failed</th><th>Time (ms)</th><th>Included Groups</th><th>Excluded Groups</th></tr><tr><th colspan="7">Surefire suite</th></tr><tr><td><a href="#t0">Surefire test</a></td><td class="num">0</td><td class="num">0</td><td class="num attn">1</td><td class="num">2,001</td><td></td><td></td></tr></table><table><thead><tr><th>Class</th><th>Method</th><th>Start</th><th>Time (ms)</th></tr></thead><tbody><tr><th colspan="4">Surefire suite</th></tr></tbody><tbody id="t0"><tr><th colspan="4">Surefire test &#8212; failed</th></tr><tr class="failedeven"><td rowspan="1">runner.TestRunner</td><td><a href="#m0">feature</a></td><td rowspan="1">1566212381724</td><td rowspan="1">1766</td></tr></tbody></table><h2>Surefire test</h2><h3 id="m0">runner.TestRunner#feature</h3><table class="result"><tr class="param"><th>Parameter #1</th></tr><tr class="param stripe"><td>Open openweather site and verify the site UI</td></tr><tr><th>Exception</th></tr><tr><td><div class="stacktrace">cucumber.runtime.CucumberException: org.openqa.selenium.SessionNotCreatedException: session not created: This version of ChromeDriver only supports Chrome version 77
Build info: version: &apos;3.141.59&apos;, revision: &apos;e82be7d358&apos;, time: &apos;2018-11-14T08:17:03&apos;
System info: host: &apos;Ronaks-MacBook-Pro.local&apos;, ip: &apos;2405:204:38e:e443:70a8:ed68:7e2a:2f0e&apos;, os.name: &apos;Mac OS X&apos;, os.arch: &apos;x86_64&apos;, os.version: &apos;10.14.5&apos;, java.version: &apos;1.8.0_144&apos;
Driver info: driver.version: ChromeDriver
remote stacktrace: 0   chromedriver                        0x000000010b96ef89 chromedriver + 3694473
1   chromedriver                        0x000000010b8fc0a3 chromedriver + 3223715
2   chromedriver                        0x000000010b69b4df chromedriver + 730335
3   chromedriver                        0x000000010b60104b chromedriver + 98379
4   chromedriver                        0x000000010b5fd16a chromedriver + 82282
5   chromedriver                        0x000000010b62aa81 chromedriver + 268929
6   chromedriver                        0x000000010b627dc3 chromedriver + 257475
7   chromedriver                        0x000000010b60317d chromedriver + 106877
8   chromedriver                        0x000000010b604115 chromedriver + 110869
9   chromedriver                        0x000000010b92a14f chromedriver + 3412303
10  chromedriver                        0x000000010b936d6d chromedriver + 3464557
11  chromedriver                        0x000000010b936af8 chromedriver + 3463928
12  chromedriver                        0x000000010b909a29 chromedriver + 3279401
13  chromedriver                        0x000000010b9375c8 chromedriver + 3466696
14  chromedriver                        0x000000010b91e287 chromedriver + 3363463
15  chromedriver                        0x000000010b9554f4 chromedriver + 3589364
16  chromedriver                        0x000000010b974d67 chromedriver + 3718503
17  libsystem_pthread.dylib             0x00007fff5ebf02eb _pthread_body + 126
18  libsystem_pthread.dylib             0x00007fff5ebf3249 _pthread_start + 66
19  libsystem_pthread.dylib             0x00007fff5ebef40d thread_start + 13

	at cucumber.api.testng.TestNGCucumberRunner.runCucumber(TestNGCucumberRunner.java:69)
	at cucumber.api.testng.AbstractTestNGCucumberTests.feature(AbstractTestNGCucumberTests.java:21)
Caused by: org.openqa.selenium.SessionNotCreatedException: session not created: This version of ChromeDriver only supports Chrome version 77
Build info: version: &apos;3.141.59&apos;, revision: &apos;e82be7d358&apos;, time: &apos;2018-11-14T08:17:03&apos;
System info: host: &apos;Ronaks-MacBook-Pro.local&apos;, ip: &apos;2405:204:38e:e443:70a8:ed68:7e2a:2f0e&apos;, os.name: &apos;Mac OS X&apos;, os.arch: &apos;x86_64&apos;, os.version: &apos;10.14.5&apos;, java.version: &apos;1.8.0_144&apos;
Driver info: driver.version: ChromeDriver
remote stacktrace: 0   chromedriver                        0x000000010b96ef89 chromedriver + 3694473
1   chromedriver                        0x000000010b8fc0a3 chromedriver + 3223715
2   chromedriver                        0x000000010b69b4df chromedriver + 730335
3   chromedriver                        0x000000010b60104b chromedriver + 98379
4   chromedriver                        0x000000010b5fd16a chromedriver + 82282
5   chromedriver                        0x000000010b62aa81 chromedriver + 268929
6   chromedriver                        0x000000010b627dc3 chromedriver + 257475
7   chromedriver                        0x000000010b60317d chromedriver + 106877
8   chromedriver                        0x000000010b604115 chromedriver + 110869
9   chromedriver                        0x000000010b92a14f chromedriver + 3412303
10  chromedriver                        0x000000010b936d6d chromedriver + 3464557
11  chromedriver                        0x000000010b936af8 chromedriver + 3463928
12  chromedriver                        0x000000010b909a29 chromedriver + 3279401
13  chromedriver                        0x000000010b9375c8 chromedriver + 3466696
14  chromedriver                        0x000000010b91e287 chromedriver + 3363463
15  chromedriver                        0x000000010b9554f4 chromedriver + 3589364
16  chromedriver                        0x000000010b974d67 chromedriver + 3718503
17  libsystem_pthread.dylib             0x00007fff5ebf02eb _pthread_body + 126
18  libsystem_pthread.dylib             0x00007fff5ebf3249 _pthread_start + 66
19  libsystem_pthread.dylib             0x00007fff5ebef40d thread_start + 13

	at org.openqa.selenium.remote.W3CHandshakeResponse.lambda$errorHandler$0(W3CHandshakeResponse.java:62)
	at org.openqa.selenium.remote.HandshakeResponse.lambda$getResponseFunction$0(HandshakeResponse.java:30)
	at org.openqa.selenium.remote.ProtocolHandshake.lambda$createSession$0(ProtocolHandshake.java:126)
	at java.util.stream.ReferencePipeline$3$1.accept(ReferencePipeline.java:193)
	at java.util.Spliterators$ArraySpliterator.tryAdvance(Spliterators.java:958)
	at java.util.stream.ReferencePipeline.forEachWithCancel(ReferencePipeline.java:126)
	at java.util.stream.AbstractPipeline.copyIntoWithCancel(AbstractPipeline.java:498)
	at java.util.stream.AbstractPipeline.copyInto(AbstractPipeline.java:485)
	at java.util.stream.AbstractPipeline.wrapAndCopyInto(AbstractPipeline.java:471)
	at java.util.stream.FindOps$FindOp.evaluateSequential(FindOps.java:152)
	at java.util.stream.AbstractPipeline.evaluate(AbstractPipeline.java:234)
	at java.util.stream.ReferencePipeline.findFirst(ReferencePipeline.java:464)
	at org.openqa.selenium.remote.ProtocolHandshake.createSession(ProtocolHandshake.java:128)
	at org.openqa.selenium.remote.ProtocolHandshake.createSession(ProtocolHandshake.java:74)
	at org.openqa.selenium.remote.HttpCommandExecutor.execute(HttpCommandExecutor.java:136)
	at org.openqa.selenium.remote.service.DriverCommandExecutor.execute(DriverCommandExecutor.java:83)
	at org.openqa.selenium.remote.RemoteWebDriver.execute(RemoteWebDriver.java:552)
	at org.openqa.selenium.remote.RemoteWebDriver.startSession(RemoteWebDriver.java:213)
	at org.openqa.selenium.remote.RemoteWebDriver.&lt;init&gt;(RemoteWebDriver.java:131)
	at org.openqa.selenium.chrome.ChromeDriver.&lt;init&gt;(ChromeDriver.java:181)
	at org.openqa.selenium.chrome.ChromeDriver.&lt;init&gt;(ChromeDriver.java:168)
	at org.openqa.selenium.chrome.ChromeDriver.&lt;init&gt;(ChromeDriver.java:123)
	at steps.Hook.InitializeTest(Hook.java:22)
	at cucumber.runtime.Utils$1.call(Utils.java:40)
	at cucumber.runtime.Timeout.timeout(Timeout.java:16)
	at cucumber.runtime.Utils.invoke(Utils.java:34)
	at cucumber.runtime.java.JavaHookDefinition.execute(JavaHookDefinition.java:60)
	at cucumber.runtime.Runtime.runHookIfTagsMatch(Runtime.java:224)
	at cucumber.runtime.Runtime.runHooks(Runtime.java:212)
	at cucumber.runtime.Runtime.runBeforeHooks(Runtime.java:202)
	at cucumber.runtime.model.CucumberScenario.run(CucumberScenario.java:40)
	at cucumber.runtime.model.CucumberFeature.run(CucumberFeature.java:165)
	at cucumber.api.testng.TestNGCucumberRunner.runCucumber(TestNGCucumberRunner.java:63)
	... 29 more
... Removed 36 stack frames</div></td></tr></table><p class="totop"><a href="#summary">back to summary</a></p></body></html>